This is pdfTeX, Version 3.141592653-2.6-1.40.26 (TeX Live 2024) (preloaded format=pdflatex 2024.12.11)  1 MAR 2025 03:07
entering extended mode
 restricted \write18 enabled.
 file:line:error style messages enabled.
 %&-line parsing enabled.
**c:/Users/Arath/src/Especialidad/DL/Latex_Tarea_2/Tarea2.tex
(c:/Users/Arath/src/Especialidad/DL/Latex_Tarea_2/Tarea2.tex
LaTeX2e <2024-11-01> patch level 1
L3 programming layer <2024-11-02>
(d:/texlive/2024/texmf-dist/tex/latex/base/article.cls
Document Class: article 2024/06/29 v1.4n Standard LaTeX document class
(d:/texlive/2024/texmf-dist/tex/latex/base/size10.clo
File: size10.clo 2024/06/29 v1.4n Standard LaTeX file (size option)
)
\c@part=\count196
\c@section=\count197
\c@subsection=\count198
\c@subsubsection=\count199
\c@paragraph=\count266
\c@subparagraph=\count267
\c@figure=\count268
\c@table=\count269
\abovecaptionskip=\skip49
\belowcaptionskip=\skip50
\bibindent=\dimen141
) (d:/texlive/2024/texmf-dist/tex/latex/amsmath/amsmath.sty
Package: amsmath 2024/11/05 v2.17t AMS math features
\@mathmargin=\skip51

For additional information on amsmath, use the `?' option.
(d:/texlive/2024/texmf-dist/tex/latex/amsmath/amstext.sty
Package: amstext 2021/08/26 v2.01 AMS text
 (d:/texlive/2024/texmf-dist/tex/latex/amsmath/amsgen.sty
File: amsgen.sty 1999/11/30 v2.0 generic functions
\@emptytoks=\toks17
\ex@=\dimen142
)) (d:/texlive/2024/texmf-dist/tex/latex/amsmath/amsbsy.sty
Package: amsbsy 1999/11/29 v1.2d Bold Symbols
\pmbraise@=\dimen143
) (d:/texlive/2024/texmf-dist/tex/latex/amsmath/amsopn.sty
Package: amsopn 2022/04/08 v2.04 operator names
)
\inf@bad=\count270
LaTeX Info: Redefining \frac on input line 233.
\uproot@=\count271
\leftroot@=\count272
LaTeX Info: Redefining \overline on input line 398.
LaTeX Info: Redefining \colon on input line 409.
\classnum@=\count273
\DOTSCASE@=\count274
LaTeX Info: Redefining \ldots on input line 495.
LaTeX Info: Redefining \dots on input line 498.
LaTeX Info: Redefining \cdots on input line 619.
\Mathstrutbox@=\box52
\strutbox@=\box53
LaTeX Info: Redefining \big on input line 721.
LaTeX Info: Redefining \Big on input line 722.
LaTeX Info: Redefining \bigg on input line 723.
LaTeX Info: Redefining \Bigg on input line 724.
\big@size=\dimen144
LaTeX Font Info:    Redeclaring font encoding OML on input line 742.
LaTeX Font Info:    Redeclaring font encoding OMS on input line 743.
\macc@depth=\count275
LaTeX Info: Redefining \bmod on input line 904.
LaTeX Info: Redefining \pmod on input line 909.
LaTeX Info: Redefining \smash on input line 939.
LaTeX Info: Redefining \relbar on input line 969.
LaTeX Info: Redefining \Relbar on input line 970.
\c@MaxMatrixCols=\count276
\dotsspace@=\muskip17
\c@parentequation=\count277
\dspbrk@lvl=\count278
\tag@help=\toks18
\row@=\count279
\column@=\count280
\maxfields@=\count281
\andhelp@=\toks19
\eqnshift@=\dimen145
\alignsep@=\dimen146
\tagshift@=\dimen147
\tagwidth@=\dimen148
\totwidth@=\dimen149
\lineht@=\dimen150
\@envbody=\toks20
\multlinegap=\skip52
\multlinetaggap=\skip53
\mathdisplay@stack=\toks21
LaTeX Info: Redefining \[ on input line 2953.
LaTeX Info: Redefining \] on input line 2954.
) (d:/texlive/2024/texmf-dist/tex/latex/graphics/graphicx.sty
Package: graphicx 2021/09/16 v1.2d Enhanced LaTeX Graphics (DPC,SPQR)
 (d:/texlive/2024/texmf-dist/tex/latex/graphics/keyval.sty
Package: keyval 2022/05/29 v1.15 key=value parser (DPC)
\KV@toks@=\toks22
) (d:/texlive/2024/texmf-dist/tex/latex/graphics/graphics.sty
Package: graphics 2024/08/06 v1.4g Standard LaTeX Graphics (DPC,SPQR)
 (d:/texlive/2024/texmf-dist/tex/latex/graphics/trig.sty
Package: trig 2023/12/02 v1.11 sin cos tan (DPC)
) (d:/texlive/2024/texmf-dist/tex/latex/graphics-cfg/graphics.cfg
File: graphics.cfg 2016/06/04 v1.11 sample graphics configuration
)
Package graphics Info: Driver file: pdftex.def on input line 106.
 (d:/texlive/2024/texmf-dist/tex/latex/graphics-def/pdftex.def
File: pdftex.def 2024/04/13 v1.2c Graphics/color driver for pdftex
))
\Gin@req@height=\dimen151
\Gin@req@width=\dimen152
) (d:/texlive/2024/texmf-dist/tex/latex/float/float.sty
Package: float 2001/11/08 v1.3d Float enhancements (AL)
\c@float@type=\count282
\float@exts=\toks23
\float@box=\box54
\@float@everytoks=\toks24
\@floatcapt=\box55
) (d:/texlive/2024/texmf-dist/tex/latex/amsfonts/amssymb.sty
Package: amssymb 2013/01/14 v3.01 AMS font symbols
 (d:/texlive/2024/texmf-dist/tex/latex/amsfonts/amsfonts.sty
Package: amsfonts 2013/01/14 v3.01 Basic AMSFonts support
\symAMSa=\mathgroup4
\symAMSb=\mathgroup5
LaTeX Font Info:    Redeclaring math symbol \hbar on input line 98.
LaTeX Font Info:    Overwriting math alphabet `\mathfrak' in version `bold'
(Font)                  U/euf/m/n --> U/euf/b/n on input line 106.
)) (d:/texlive/2024/texmf-dist/tex/latex/geometry/geometry.sty
Package: geometry 2020/01/02 v5.9 Page Geometry
 (d:/texlive/2024/texmf-dist/tex/generic/iftex/ifvtex.sty
Package: ifvtex 2019/10/25 v1.7 ifvtex legacy package. Use iftex instead.
 (d:/texlive/2024/texmf-dist/tex/generic/iftex/iftex.sty
Package: iftex 2022/02/03 v1.0f TeX engine tests
))
\Gm@cnth=\count283
\Gm@cntv=\count284
\c@Gm@tempcnt=\count285
\Gm@bindingoffset=\dimen153
\Gm@wd@mp=\dimen154
\Gm@odd@mp=\dimen155
\Gm@even@mp=\dimen156
\Gm@layoutwidth=\dimen157
\Gm@layoutheight=\dimen158
\Gm@layouthoffset=\dimen159
\Gm@layoutvoffset=\dimen160
\Gm@dimlist=\toks25
) (d:/texlive/2024/texmf-dist/tex/latex/xcolor/xcolor.sty
Package: xcolor 2024/09/29 v3.02 LaTeX color extensions (UK)
 (d:/texlive/2024/texmf-dist/tex/latex/graphics-cfg/color.cfg
File: color.cfg 2016/01/02 v1.6 sample color configuration
)
Package xcolor Info: Driver file: pdftex.def on input line 274.
 (d:/texlive/2024/texmf-dist/tex/latex/graphics/mathcolor.ltx)
Package xcolor Info: Model `cmy' substituted by `cmy0' on input line 1349.
Package xcolor Info: Model `hsb' substituted by `rgb' on input line 1353.
Package xcolor Info: Model `RGB' extended on input line 1365.
Package xcolor Info: Model `HTML' substituted by `rgb' on input line 1367.
Package xcolor Info: Model `Hsb' substituted by `hsb' on input line 1368.
Package xcolor Info: Model `tHsb' substituted by `hsb' on input line 1369.
Package xcolor Info: Model `HSB' substituted by `hsb' on input line 1370.
Package xcolor Info: Model `Gray' substituted by `gray' on input line 1371.
Package xcolor Info: Model `wave' substituted by `hsb' on input line 1372.
) (d:/texlive/2024/texmf-dist/tex/latex/colortbl/colortbl.sty
Package: colortbl 2024/07/06 v1.0i Color table columns (DPC)
 (d:/texlive/2024/texmf-dist/tex/latex/tools/array.sty
Package: array 2024/10/17 v2.6g Tabular extension package (FMi)
\col@sep=\dimen161
\ar@mcellbox=\box56
\extrarowheight=\dimen162
\NC@list=\toks26
\extratabsurround=\skip54
\backup@length=\skip55
\ar@cellbox=\box57
)
\everycr=\toks27
\minrowclearance=\skip56
\rownum=\count286
) (d:/texlive/2024/texmf-dist/tex/latex/l3backend/l3backend-pdftex.def
File: l3backend-pdftex.def 2024-05-08 L3 backend support: PDF output (pdfTeX)
\l__color_backend_stack_int=\count287
\l__pdf_internal_box=\box58
) (./Tarea2.aux)
\openout1 = `Tarea2.aux'.

LaTeX Font Info:    Checking defaults for OML/cmm/m/it on input line 10.
LaTeX Font Info:    ... okay on input line 10.
LaTeX Font Info:    Checking defaults for OMS/cmsy/m/n on input line 10.
LaTeX Font Info:    ... okay on input line 10.
LaTeX Font Info:    Checking defaults for OT1/cmr/m/n on input line 10.
LaTeX Font Info:    ... okay on input line 10.
LaTeX Font Info:    Checking defaults for T1/cmr/m/n on input line 10.
LaTeX Font Info:    ... okay on input line 10.
LaTeX Font Info:    Checking defaults for TS1/cmr/m/n on input line 10.
LaTeX Font Info:    ... okay on input line 10.
LaTeX Font Info:    Checking defaults for OMX/cmex/m/n on input line 10.
LaTeX Font Info:    ... okay on input line 10.
LaTeX Font Info:    Checking defaults for U/cmr/m/n on input line 10.
LaTeX Font Info:    ... okay on input line 10.
 (d:/texlive/2024/texmf-dist/tex/context/base/mkii/supp-pdf.mkii
[Loading MPS to PDF converter (version 2006.09.02).]
\scratchcounter=\count288
\scratchdimen=\dimen163
\scratchbox=\box59
\nofMPsegments=\count289
\nofMParguments=\count290
\everyMPshowfont=\toks28
\MPscratchCnt=\count291
\MPscratchDim=\dimen164
\MPnumerator=\count292
\makeMPintoPDFobject=\count293
\everyMPtoPDFconversion=\toks29
) (d:/texlive/2024/texmf-dist/tex/latex/epstopdf-pkg/epstopdf-base.sty
Package: epstopdf-base 2020-01-24 v2.11 Base part for package epstopdf
Package epstopdf-base Info: Redefining graphics rule for `.eps' on input line 485.
 (d:/texlive/2024/texmf-dist/tex/latex/latexconfig/epstopdf-sys.cfg
File: epstopdf-sys.cfg 2010/07/13 v1.3 Configuration of (r)epstopdf for TeX Live
))
*geometry* driver: auto-detecting
*geometry* detected driver: pdftex
*geometry* verbose mode - [ preamble ] result:
* driver: pdftex
* paper: <default>
* layout: <same size as paper>
* layoutoffset:(h,v)=(0.0pt,0.0pt)
* modes: 
* h-part:(L,W,R)=(71.13188pt, 472.03123pt, 71.13188pt)
* v-part:(T,H,B)=(56.9055pt, 681.15898pt, 56.9055pt)
* \paperwidth=614.295pt
* \paperheight=794.96999pt
* \textwidth=472.03123pt
* \textheight=681.15898pt
* \oddsidemargin=-1.1381pt
* \evensidemargin=-1.1381pt
* \topmargin=-52.36449pt
* \headheight=12.0pt
* \headsep=25.0pt
* \topskip=10.0pt
* \footskip=30.0pt
* \marginparwidth=65.0pt
* \marginparsep=11.0pt
* \columnsep=10.0pt
* \skip\footins=9.0pt plus 4.0pt minus 2.0pt
* \hoffset=0.0pt
* \voffset=0.0pt
* \mag=1000
* \@twocolumnfalse
* \@twosidefalse
* \@mparswitchfalse
* \@reversemarginfalse
* (1in=72.27pt=25.4mm, 1cm=28.453pt)



[1

{d:/texlive/2024/texmf-var/fonts/map/pdftex/updmap/pdftex.map}]
LaTeX Font Info:    Trying to load font information for U+msa on input line 17.
 (d:/texlive/2024/texmf-dist/tex/latex/amsfonts/umsa.fd
File: umsa.fd 2013/01/14 v3.01 AMS symbols A
)
LaTeX Font Info:    Trying to load font information for U+msb on input line 17.
 (d:/texlive/2024/texmf-dist/tex/latex/amsfonts/umsb.fd
File: umsb.fd 2013/01/14 v3.01 AMS symbols B
)
<relu.jpg, id=7, 968.1771pt x 392.667pt>
File: relu.jpg Graphic file (type jpg)
<use relu.jpg>
Package pdftex.def Info: relu.jpg  used on input line 23.
(pdftex.def)             Requested size: 236.01561pt x 95.72192pt.
<Imagen0.png, id=8, 410.2828pt x 331.2375pt>
File: Imagen0.png Graphic file (type png)
<use Imagen0.png>
Package pdftex.def Info: Imagen0.png  used on input line 29.
(pdftex.def)             Requested size: 236.01561pt x 190.54094pt.
<Imagen1.png, id=10, 291.33844pt x 219.82124pt>
File: Imagen1.png Graphic file (type png)
<use Imagen1.png>
Package pdftex.def Info: Imagen1.png  used on input line 35.
(pdftex.def)             Requested size: 236.01561pt x 178.08441pt.


[2 <./relu.jpg> <./Imagen0.png> <./Imagen1.png>]
<1d.png, id=20, 426.09187pt x 665.48625pt>
File: 1d.png Graphic file (type png)
<use 1d.png>
Package pdftex.def Info: 1d.png  used on input line 41.
(pdftex.def)             Requested size: 236.01561pt x 368.62827pt.
<sigmoide.jpg, id=21, 971.0679pt x 362.5545pt>
File: sigmoide.jpg Graphic file (type jpg)
<use sigmoide.jpg>
Package pdftex.def Info: sigmoide.jpg  used on input line 51.
(pdftex.def)             Requested size: 236.01561pt x 88.11575pt.
File: Imagen0.png Graphic file (type png)
<use Imagen0.png>
Package pdftex.def Info: Imagen0.png  used on input line 57.
(pdftex.def)             Requested size: 236.01561pt x 190.54094pt.


[3 <./1d.png> <./sigmoide.jpg>]
<2_Decision_boundry.PNG, id=26, 456.20438pt x 322.20375pt>
File: 2_Decision_boundry.PNG Graphic file (type png)
<use 2_Decision_boundry.PNG>
Package pdftex.def Info: 2_Decision_boundry.PNG  used on input line 63.
(pdftex.def)             Requested size: 236.01561pt x 166.68654pt.


[4 <./2_Decision_boundry.PNG>]
<2_output_neuron.PNG, id=31, 499.8675pt x 735.49782pt>
File: 2_output_neuron.PNG Graphic file (type png)
<use 2_output_neuron.PNG>
Package pdftex.def Info: 2_output_neuron.PNG  used on input line 69.
(pdftex.def)             Requested size: 236.01561pt x 347.26643pt.
<linear.jpg, id=32, 971.3088pt x 728.4816pt>
File: linear.jpg Graphic file (type jpg)
<use linear.jpg>
Package pdftex.def Info: linear.jpg  used on input line 79.
(pdftex.def)             Requested size: 236.01561pt x 177.00671pt.
File: Imagen0.png Graphic file (type png)
<use Imagen0.png>
Package pdftex.def Info: Imagen0.png  used on input line 85.
(pdftex.def)             Requested size: 236.01561pt x 190.54094pt.


[5 <./2_output_neuron.PNG> <./linear.jpg>]
File: 2_Decision_boundry.PNG Graphic file (type png)
<use 2_Decision_boundry.PNG>
Package pdftex.def Info: 2_Decision_boundry.PNG  used on input line 91.
(pdftex.def)             Requested size: 236.01561pt x 166.68654pt.
<Imagen0.PNG, id=37, 410.2828pt x 331.2375pt>
File: Imagen0.PNG Graphic file (type png)
<use Imagen0.PNG>
Package pdftex.def Info: Imagen0.PNG  used on input line 96.
(pdftex.def)             Requested size: 236.01561pt x 190.54094pt.


[6 <./Imagen0.png>]
<4_a_1.PNG, id=42, 367.3725pt x 393.72093pt>
File: 4_a_1.PNG Graphic file (type png)
<use 4_a_1.PNG>
Package pdftex.def Info: 4_a_1.PNG  used on input line 112.
(pdftex.def)             Requested size: 236.01561pt x 252.94777pt.
<4.a.2.PNG, id=43, 408.77719pt x 365.86688pt>
File: 4.a.2.PNG Graphic file (type png)
<use 4.a.2.PNG>
Package pdftex.def Info: 4.a.2.PNG  used on input line 116.
(pdftex.def)             Requested size: 236.01561pt x 211.2427pt.
<4_a_3.PNG, id=44, 366.61969pt x 373.395pt>
File: 4_a_3.PNG Graphic file (type png)
<use 4_a_3.PNG>
Package pdftex.def Info: 4_a_3.PNG  used on input line 120.
(pdftex.def)             Requested size: 236.01561pt x 240.37927pt.


[7 <./4_a_1.PNG> <./4.a.2.PNG>]
<4_e.PNG, id=51, 1005.00468pt x 298.86656pt>
File: 4_e.PNG Graphic file (type png)
<use 4_e.PNG>
Package pdftex.def Info: 4_e.PNG  used on input line 143.
(pdftex.def)             Requested size: 377.62642pt x 112.29813pt.
<4_e_2.PNG, id=52, 333.49594pt x 254.45062pt>
File: 4_e_2.PNG Graphic file (type png)
<use 4_e_2.PNG>
Package pdftex.def Info: 4_e_2.PNG  used on input line 147.
(pdftex.def)             Requested size: 236.01561pt x 180.07881pt.


[8 <./4_a_3.PNG> <./4_e.PNG>]
<4_g.PNG, id=62, 447.17062pt x 259.7203pt>
File: 4_g.PNG Graphic file (type png)
<use 4_g.PNG>
Package pdftex.def Info: 4_g.PNG  used on input line 158.
(pdftex.def)             Requested size: 236.01561pt x 137.08043pt.
<4_h.PNG, id=63, 556.32843pt x 301.8778pt>
File: 4_h.PNG Graphic file (type png)
<use 4_h.PNG>
Package pdftex.def Info: 4_h.PNG  used on input line 164.
(pdftex.def)             Requested size: 236.01561pt x 128.06834pt.


[9 <./4_e_2.PNG> <./4_g.PNG> <./4_h.PNG>]
<4_e_tan.PNG, id=71, 867.24pt x 256.70906pt>
File: 4_e_tan.PNG Graphic file (type png)
<use 4_e_tan.PNG>
Package pdftex.def Info: 4_e_tan.PNG  used on input line 189.
(pdftex.def)             Requested size: 377.62642pt x 111.78113pt.
<4_e_tan_final.PNG, id=72, 374.90062pt x 304.13625pt>
File: 4_e_tan_final.PNG Graphic file (type png)
<use 4_e_tan_final.PNG>
Package pdftex.def Info: 4_e_tan_final.PNG  used on input line 193.
(pdftex.def)             Requested size: 377.62642pt x 306.36769pt.
<4_h_tan.PNG, id=73, 387.69844pt x 377.91188pt>
File: 4_h_tan.PNG Graphic file (type png)
<use 4_h_tan.PNG>
Package pdftex.def Info: 4_h_tan.PNG  used on input line 210.
(pdftex.def)             Requested size: 377.62642pt x 368.10219pt.


[10 <./4_e_tan.PNG> <./4_e_tan_final.PNG>]

[11{d:/texlive/2024/texmf-dist/fonts/enc/dvips/cm-super/cm-super-ts1.enc} <./4_h_tan.PNG>] (./Tarea2.aux)
 ***********
LaTeX2e <2024-11-01> patch level 1
L3 programming layer <2024-11-02>
 ***********
 ) 
Here is how much of TeX's memory you used:
 3947 strings out of 473330
 57388 string characters out of 5723877
 458098 words of memory out of 5000000
 27056 multiletter control sequences out of 15000+600000
 560103 words of font info for 45 fonts, out of 8000000 for 9000
 1141 hyphenation exceptions out of 8191
 57i,11n,79p,306b,371s stack positions out of 10000i,1000n,20000p,200000b,200000s
<d:/texlive/2024/texmf-dist/fonts/type1/public/amsfonts/cm/cmex10.pfb><d:/texlive/2024/texmf-dist/fonts/type1/public/amsfonts/cm/cmmi10.pfb><d:/texlive/2024/texmf-dist/fonts/type1/public/amsfonts/cm/cmmi5.pfb><d:/texlive/2024/texmf-dist/fonts/type1/public/amsfonts/cm/cmmi7.pfb><d:/texlive/2024/texmf-dist/fonts/type1/public/amsfonts/cm/cmr10.pfb><d:/texlive/2024/texmf-dist/fonts/type1/public/amsfonts/cm/cmr5.pfb><d:/texlive/2024/texmf-dist/fonts/type1/public/amsfonts/cm/cmr7.pfb><d:/texlive/2024/texmf-dist/fonts/type1/public/amsfonts/cm/cmsy10.pfb><d:/texlive/2024/texmf-dist/fonts/type1/public/amsfonts/cm/cmsy5.pfb><d:/texlive/2024/texmf-dist/fonts/type1/public/amsfonts/cm/cmsy7.pfb><d:/texlive/2024/texmf-dist/fonts/type1/public/cm-super/sfrm1000.pfb>
Output written on Tarea2.pdf (11 pages, 6354626 bytes).
PDF statistics:
 132 PDF objects out of 1000 (max. 8388607)
 61 compressed objects within 1 object stream
 0 named destinations out of 1000 (max. 500000)
 96 words of extra memory for PDF output out of 10000 (max. 10000000)

